  stdafx.cpp
  OpenVisionCpp.cpp
c:\users\id4ni\documents\github\openvision\openvisioncpp\openvisioncpp.cpp(125): warning C4244: '=': conversão de 'double' para 'float', possível perda de dados
c:\users\id4ni\documents\github\openvision\openvisioncpp\openvisioncpp.cpp(149): warning C4244: 'argumento': conversão de 'const _Tp' para '_Tp', possível perda de dados
          with
          [
              _Tp=float
          ]
          and
          [
              _Tp=int
          ]
c:\users\id4ni\documents\github\openvision\openvisioncpp\openvisioncpp.cpp(166): warning C4244: 'argumento': conversão de 'const _Tp' para '_Tp', possível perda de dados
          with
          [
              _Tp=float
          ]
          and
          [
              _Tp=int
          ]
c:\users\id4ni\documents\github\openvision\openvisioncpp\openvisioncpp.cpp(173): warning C4554: '&': verifique a precedência de operador para possível erro; use parênteses para esclarecer a precedência
c:\users\id4ni\documents\github\openvision\openvisioncpp\openvisioncpp.cpp(176): warning C4554: '&': verifique a precedência de operador para possível erro; use parênteses para esclarecer a precedência
c:\users\id4ni\documents\github\openvision\openvisioncpp\openvisioncpp.cpp(180): warning C4244: 'argumento': conversão de '_Tp' para '_Tp', possível perda de dados
          with
          [
              _Tp=float
          ]
          and
          [
              _Tp=int
          ]
c:\users\id4ni\documents\github\openvision\openvisioncpp\openvisioncpp.cpp(183): warning C4244: 'argumento': conversão de '_Tp' para '_Tp', possível perda de dados
          with
          [
              _Tp=float
          ]
          and
          [
              _Tp=int
          ]
c:\users\id4ni\documents\github\openvision\openvisioncpp\openvisioncpp.cpp(185): warning C4244: 'argumento': conversão de '_Tp' para '_Tp', possível perda de dados
          with
          [
              _Tp=float
          ]
          and
          [
              _Tp=int
          ]
c:\users\id4ni\documents\github\openvision\openvisioncpp\openvisioncpp.cpp(201): warning C4244: 'argumento': conversão de 'int' para '_Tp', possível perda de dados
          with
          [
              _Tp=float
          ]
c:\users\id4ni\documents\github\openvision\openvisioncpp\openvisioncpp.cpp(202): warning C4244: 'argumento': conversão de 'int' para '_Tp', possível perda de dados
          with
          [
              _Tp=float
          ]
c:\users\id4ni\documents\github\openvision\openvisioncpp\openvisioncpp.cpp(203): warning C4244: 'argumento': conversão de 'int' para '_Tp', possível perda de dados
          with
          [
              _Tp=float
          ]
  OpenVisionCpp.vcxproj -> C:\Users\id4ni\Documents\GitHub\OpenVision\x64\Debug\OpenVisionCpp.exe
